<?xml version="1.0" encoding="UTF-8"?>
<!-- Generated by org.testng.reporters.JUnitXMLReporter -->
<testsuite hostname="DESKTOP-GKF1M59" ignored="1" tests="35" failures="12" timestamp="06 Sep 2019 23:03:06 GMT" time="22.373" errors="0">
  <testcase name="verifyTaxRate" time="1.738" classname="AppTest">
    <failure type="java.lang.AssertionError" message="expected [6.375] but found [5.125]">
      <![CDATA[java.lang.AssertionError: expected [6.375] but found [5.125]
at AppTest.verifyTaxRate(AppTest.java:92)
... Removed 35 stack frames]]>
    </failure>
  </testcase> <!-- verifyTaxRate -->
  <testcase name="verifyTaxRate" time="0.602" classname="AppTest">
    <failure type="java.lang.AssertionError" message="expected [8.3125] but found [5.125]">
      <![CDATA[java.lang.AssertionError: expected [8.3125] but found [5.125]
at AppTest.verifyTaxRate(AppTest.java:92)
... Removed 35 stack frames]]>
    </failure>
  </testcase> <!-- verifyTaxRate -->
  <testcase name="verifyTaxRate" time="0.576" classname="AppTest">
    <failure type="java.lang.AssertionError" message="expected [7.1875] but found [5.125]">
      <![CDATA[java.lang.AssertionError: expected [7.1875] but found [5.125]
at AppTest.verifyTaxRate(AppTest.java:92)
... Removed 35 stack frames]]>
    </failure>
  </testcase> <!-- verifyTaxRate -->
  <testcase name="verifyTaxRate" time="0.596" classname="AppTest">
    <failure type="java.lang.AssertionError" message="expected [6.8125] but found [5.125]">
      <![CDATA[java.lang.AssertionError: expected [6.8125] but found [5.125]
at AppTest.verifyTaxRate(AppTest.java:92)
... Removed 35 stack frames]]>
    </failure>
  </testcase> <!-- verifyTaxRate -->
  <testcase name="verifyTaxRate" time="0.591" classname="AppTest">
    <failure type="java.lang.AssertionError" message="expected [6.375] but found [5.125]">
      <![CDATA[java.lang.AssertionError: expected [6.375] but found [5.125]
at AppTest.verifyTaxRate(AppTest.java:92)
... Removed 35 stack frames]]>
    </failure>
  </testcase> <!-- verifyTaxRate -->
  <testcase name="verifyTaxRate" time="0.617" classname="AppTest">
    <failure type="java.lang.AssertionError" message="expected [6.8125] but found [5.125]">
      <![CDATA[java.lang.AssertionError: expected [6.8125] but found [5.125]
at AppTest.verifyTaxRate(AppTest.java:92)
... Removed 35 stack frames]]>
    </failure>
  </testcase> <!-- verifyTaxRate -->
  <testcase name="verifyTaxRate" time="0.595" classname="AppTest">
    <failure type="java.lang.AssertionError" message="expected [6.4375] but found [5.125]">
      <![CDATA[java.lang.AssertionError: expected [6.4375] but found [5.125]
at AppTest.verifyTaxRate(AppTest.java:92)
... Removed 35 stack frames]]>
    </failure>
  </testcase> <!-- verifyTaxRate -->
  <testcase name="verifyTaxRate" time="0.611" classname="AppTest">
    <failure type="java.lang.AssertionError" message="expected [7.125] but found [5.125]">
      <![CDATA[java.lang.AssertionError: expected [7.125] but found [5.125]
at AppTest.verifyTaxRate(AppTest.java:92)
... Removed 35 stack frames]]>
    </failure>
  </testcase> <!-- verifyTaxRate -->
  <testcase name="verifyTaxRate" time="0.577" classname="AppTest">
    <failure type="java.lang.AssertionError" message="expected [6.375] but found [5.125]">
      <![CDATA[java.lang.AssertionError: expected [6.375] but found [5.125]
at AppTest.verifyTaxRate(AppTest.java:92)
... Removed 35 stack frames]]>
    </failure>
  </testcase> <!-- verifyTaxRate -->
  <testcase name="verifyTaxRate" time="0.587" classname="AppTest">
    <failure type="java.lang.AssertionError" message="expected [6.875] but found [5.125]">
      <![CDATA[java.lang.AssertionError: expected [6.875] but found [5.125]
at AppTest.verifyTaxRate(AppTest.java:92)
... Removed 35 stack frames]]>
    </failure>
  </testcase> <!-- verifyTaxRate -->
  <testcase name="verifyTaxRate" time="0.596" classname="AppTest">
    <failure type="java.lang.AssertionError" message="expected [8.3125] but found [5.125]">
      <![CDATA[java.lang.AssertionError: expected [8.3125] but found [5.125]
at AppTest.verifyTaxRate(AppTest.java:92)
... Removed 35 stack frames]]>
    </failure>
  </testcase> <!-- verifyTaxRate -->
  <testcase name="verifyTaxRate" time="0.567" classname="AppTest">
    <failure type="java.lang.AssertionError" message="expected [6.8125] but found [5.125]">
      <![CDATA[java.lang.AssertionError: expected [6.8125] but found [5.125]
at AppTest.verifyTaxRate(AppTest.java:92)
... Removed 35 stack frames]]>
    </failure>
  </testcase> <!-- verifyTaxRate -->
  <testcase name="verifyTaxRate" time="0.621" classname="AppTest"/>
  <testcase name="verifyTaxRate" time="0.605" classname="AppTest"/>
  <testcase name="verifyTaxRate" time="0.617" classname="AppTest"/>
  <testcase name="verifyTaxRate" time="0.647" classname="AppTest"/>
  <testcase name="verifyTaxRate" time="0.629" classname="AppTest"/>
  <testcase name="verifyTaxRate" time="0.642" classname="AppTest"/>
  <testcase name="verifyTaxRate" time="0.599" classname="AppTest"/>
  <testcase name="verifyTaxRate" time="0.63" classname="AppTest"/>
  <testcase name="verifyTaxRate" time="0.63" classname="AppTest"/>
  <testcase name="verifyTaxRate" time="0.594" classname="AppTest"/>
  <testcase name="verifyTaxRate" time="0.623" classname="AppTest"/>
  <testcase name="verifyTaxRate" time="0.596" classname="AppTest"/>
  <testcase name="verifyTaxRate" time="0.614" classname="AppTest"/>
  <testcase name="verifyTaxRate" time="0.637" classname="AppTest"/>
  <testcase name="verifyTaxRate" time="0.61" classname="AppTest"/>
  <testcase name="verifyTaxRate" time="0.571" classname="AppTest"/>
  <testcase name="verifyTaxRate" time="0.592" classname="AppTest"/>
  <testcase name="verifyTaxRate" time="0.579" classname="AppTest"/>
  <testcase name="verifyTaxRate" time="0.605" classname="AppTest"/>
  <testcase name="verifyTaxRate" time="0.611" classname="AppTest"/>
  <testcase name="verifyTaxRate" time="0.63" classname="AppTest"/>
  <testcase name="verifyTaxRate" time="0.596" classname="AppTest"/>
  <testcase name="verifyTaxRate" time="0.606" classname="AppTest"/>
  <testcase name="setURI" time="0.0" classname="AppTest">
    <ignored/>
  </testcase> <!-- setURI -->
</testsuite>
