<?xml version="1.0" encoding="UTF-8"?>
<testng-results skipped="0" failed="12" ignored="1" total="36" passed="23">
  <reporter-output>
  </reporter-output>
  <suite name="TestSuite" duration-ms="22373" started-at="2019-09-06T23:02:43Z" finished-at="2019-09-06T23:03:06Z">
    <groups>
    </groups>
    <test name="AppTest" duration-ms="22373" started-at="2019-09-06T23:02:43Z" finished-at="2019-09-06T23:03:06Z">
      <class name="AppTest">
        <test-method status="FAIL" signature="verifyTaxRate(java.lang.String, java.lang.String, java.lang.String, java.lang.String, java.lang.String, java.lang.String, java.lang.String, java.lang.String, java.lang.String, java.lang.String)[pri:0, instance:AppTest@7f560810]" name="verifyTaxRate" duration-ms="1738" started-at="2019-09-06T23:02:43Z" data-provider="Taxrate" finished-at="2019-09-06T23:02:45Z">
          <params>
            <param index="0">
              <value>
                <![CDATA[NM]]>
              </value>
            </param>
            <param index="1">
              <value>
                <![CDATA[87001]]>
              </value>
            </param>
            <param index="2">
              <value>
                <![CDATA[SANDOVAL COUNTY]]>
              </value>
            </param>
            <param index="3">
              <value>
                <![CDATA[0.05125]]>
              </value>
            </param>
            <param index="4">
              <value>
                <![CDATA[0.06375]]>
              </value>
            </param>
            <param index="5">
              <value>
                <![CDATA[0.0125]]>
              </value>
            </param>
            <param index="6">
              <value>
                <![CDATA[0]]>
              </value>
            </param>
            <param index="7">
              <value>
                <![CDATA[0]]>
              </value>
            </param>
            <param index="8">
              <value>
                <![CDATA[4]]>
              </value>
            </param>
            <param index="9">
              <value>
                <![CDATA[42]]>
              </value>
            </param>
          </params>
          <exception class="java.lang.AssertionError">
            <message>
              <![CDATA[expected [6.375] but found [5.125]]]>
            </message>
            <full-stacktrace>
              <![CDATA[java.lang.AssertionError: expected [6.375] but found [5.125]
at org.testng.Assert.fail(Assert.java:96)
at org.testng.Assert.failNotEquals(Assert.java:776)
at org.testng.Assert.assertEqualsImpl(Assert.java:137)
at org.testng.Assert.assertEquals(Assert.java:118)
at org.testng.Assert.assertEquals(Assert.java:453)
at org.testng.Assert.assertEquals(Assert.java:463)
at AppTest.verifyTaxRate(AppTest.java:92)
at sun.reflect.NativeMethodAccessorImpl.invoke0(Native Method)
at sun.reflect.NativeMethodAccessorImpl.invoke(NativeMethodAccessorImpl.java:62)
at sun.reflect.DelegatingMethodAccessorImpl.invoke(DelegatingMethodAccessorImpl.java:43)
at java.lang.reflect.Method.invoke(Method.java:498)
at org.testng.internal.MethodInvocationHelper.invokeMethod(MethodInvocationHelper.java:124)
at org.testng.internal.Invoker.invokeMethod(Invoker.java:583)
at org.testng.internal.Invoker.invokeTestMethod(Invoker.java:719)
at org.testng.internal.Invoker.invokeTestMethods(Invoker.java:989)
at org.testng.internal.TestMethodWorker.invokeTestMethods(TestMethodWorker.java:125)
at org.testng.internal.TestMethodWorker.run(TestMethodWorker.java:109)
at org.testng.TestRunner.privateRun(TestRunner.java:648)
at org.testng.TestRunner.run(TestRunner.java:505)
at org.testng.SuiteRunner.runTest(SuiteRunner.java:455)
at org.testng.SuiteRunner.runSequentially(SuiteRunner.java:450)
at org.testng.SuiteRunner.privateRun(SuiteRunner.java:415)
at org.testng.SuiteRunner.run(SuiteRunner.java:364)
at org.testng.SuiteRunnerWorker.runSuite(SuiteRunnerWorker.java:52)
at org.testng.SuiteRunnerWorker.run(SuiteRunnerWorker.java:84)
at org.testng.TestNG.runSuitesSequentially(TestNG.java:1208)
at org.testng.TestNG.runSuitesLocally(TestNG.java:1137)
at org.testng.TestNG.runSuites(TestNG.java:1049)
at org.testng.TestNG.run(TestNG.java:1017)
at org.apache.maven.surefire.testng.TestNGExecutor.run(TestNGExecutor.java:283)
at org.apache.maven.surefire.testng.TestNGXmlTestSuite.execute(TestNGXmlTestSuite.java:75)
at org.apache.maven.surefire.testng.TestNGProvider.invoke(TestNGProvider.java:120)
at org.apache.maven.surefire.booter.ForkedBooter.invokeProviderInSameClassLoader(ForkedBooter.java:384)
at org.apache.maven.surefire.booter.ForkedBooter.runSuitesInProcess(ForkedBooter.java:345)
at org.apache.maven.surefire.booter.ForkedBooter.execute(ForkedBooter.java:126)
at org.apache.maven.surefire.booter.ForkedBooter.main(ForkedBooter.java:418)
]]>
            </full-stacktrace>
          </exception> <!-- java.lang.AssertionError -->
          <reporter-output>
          </reporter-output>
        </test-method> <!-- verifyTaxRate -->
        <test-method status="FAIL" signature="verifyTaxRate(java.lang.String, java.lang.String, java.lang.String, java.lang.String, java.lang.String, java.lang.String, java.lang.String, java.lang.String, java.lang.String, java.lang.String)[pri:0, instance:AppTest@7f560810]" name="verifyTaxRate" duration-ms="602" started-at="2019-09-06T23:02:45Z" data-provider="Taxrate" finished-at="2019-09-06T23:02:46Z">
          <params>
            <param index="0">
              <value>
                <![CDATA[NM]]>
              </value>
            </param>
            <param index="1">
              <value>
                <![CDATA[87002]]>
              </value>
            </param>
            <param index="2">
              <value>
                <![CDATA[BELEN]]>
              </value>
            </param>
            <param index="3">
              <value>
                <![CDATA[0.05125]]>
              </value>
            </param>
            <param index="4">
              <value>
                <![CDATA[0.083125]]>
              </value>
            </param>
            <param index="5">
              <value>
                <![CDATA[0]]>
              </value>
            </param>
            <param index="6">
              <value>
                <![CDATA[0.031875]]>
              </value>
            </param>
            <param index="7">
              <value>
                <![CDATA[0]]>
              </value>
            </param>
            <param index="8">
              <value>
                <![CDATA[4]]>
              </value>
            </param>
            <param index="9">
              <value>
                <![CDATA[42]]>
              </value>
            </param>
          </params>
          <exception class="java.lang.AssertionError">
            <message>
              <![CDATA[expected [8.3125] but found [5.125]]]>
            </message>
            <full-stacktrace>
              <![CDATA[java.lang.AssertionError: expected [8.3125] but found [5.125]
at org.testng.Assert.fail(Assert.java:96)
at org.testng.Assert.failNotEquals(Assert.java:776)
at org.testng.Assert.assertEqualsImpl(Assert.java:137)
at org.testng.Assert.assertEquals(Assert.java:118)
at org.testng.Assert.assertEquals(Assert.java:453)
at org.testng.Assert.assertEquals(Assert.java:463)
at AppTest.verifyTaxRate(AppTest.java:92)
at sun.reflect.NativeMethodAccessorImpl.invoke0(Native Method)
at sun.reflect.NativeMethodAccessorImpl.invoke(NativeMethodAccessorImpl.java:62)
at sun.reflect.DelegatingMethodAccessorImpl.invoke(DelegatingMethodAccessorImpl.java:43)
at java.lang.reflect.Method.invoke(Method.java:498)
at org.testng.internal.MethodInvocationHelper.invokeMethod(MethodInvocationHelper.java:124)
at org.testng.internal.Invoker.invokeMethod(Invoker.java:583)
at org.testng.internal.Invoker.invokeTestMethod(Invoker.java:719)
at org.testng.internal.Invoker.invokeTestMethods(Invoker.java:989)
at org.testng.internal.TestMethodWorker.invokeTestMethods(TestMethodWorker.java:125)
at org.testng.internal.TestMethodWorker.run(TestMethodWorker.java:109)
at org.testng.TestRunner.privateRun(TestRunner.java:648)
at org.testng.TestRunner.run(TestRunner.java:505)
at org.testng.SuiteRunner.runTest(SuiteRunner.java:455)
at org.testng.SuiteRunner.runSequentially(SuiteRunner.java:450)
at org.testng.SuiteRunner.privateRun(SuiteRunner.java:415)
at org.testng.SuiteRunner.run(SuiteRunner.java:364)
at org.testng.SuiteRunnerWorker.runSuite(SuiteRunnerWorker.java:52)
at org.testng.SuiteRunnerWorker.run(SuiteRunnerWorker.java:84)
at org.testng.TestNG.runSuitesSequentially(TestNG.java:1208)
at org.testng.TestNG.runSuitesLocally(TestNG.java:1137)
at org.testng.TestNG.runSuites(TestNG.java:1049)
at org.testng.TestNG.run(TestNG.java:1017)
at org.apache.maven.surefire.testng.TestNGExecutor.run(TestNGExecutor.java:283)
at org.apache.maven.surefire.testng.TestNGXmlTestSuite.execute(TestNGXmlTestSuite.java:75)
at org.apache.maven.surefire.testng.TestNGProvider.invoke(TestNGProvider.java:120)
at org.apache.maven.surefire.booter.ForkedBooter.invokeProviderInSameClassLoader(ForkedBooter.java:384)
at org.apache.maven.surefire.booter.ForkedBooter.runSuitesInProcess(ForkedBooter.java:345)
at org.apache.maven.surefire.booter.ForkedBooter.execute(ForkedBooter.java:126)
at org.apache.maven.surefire.booter.ForkedBooter.main(ForkedBooter.java:418)
]]>
            </full-stacktrace>
          </exception> <!-- java.lang.AssertionError -->
          <reporter-output>
          </reporter-output>
        </test-method> <!-- verifyTaxRate -->
        <test-method status="FAIL" signature="verifyTaxRate(java.lang.String, java.lang.String, java.lang.String, java.lang.String, java.lang.String, java.lang.String, java.lang.String, java.lang.String, java.lang.String, java.lang.String)[pri:0, instance:AppTest@7f560810]" name="verifyTaxRate" duration-ms="576" started-at="2019-09-06T23:02:46Z" data-provider="Taxrate" finished-at="2019-09-06T23:02:46Z">
          <params>
            <param index="0">
              <value>
                <![CDATA[NM]]>
              </value>
            </param>
            <param index="1">
              <value>
                <![CDATA[87004]]>
              </value>
            </param>
            <param index="2">
              <value>
                <![CDATA[BERNALILLO (CITY)]]>
              </value>
            </param>
            <param index="3">
              <value>
                <![CDATA[0.05125]]>
              </value>
            </param>
            <param index="4">
              <value>
                <![CDATA[0.071875]]>
              </value>
            </param>
            <param index="5">
              <value>
                <![CDATA[0]]>
              </value>
            </param>
            <param index="6">
              <value>
                <![CDATA[0.020625]]>
              </value>
            </param>
            <param index="7">
              <value>
                <![CDATA[0]]>
              </value>
            </param>
            <param index="8">
              <value>
                <![CDATA[5]]>
              </value>
            </param>
            <param index="9">
              <value>
                <![CDATA[42]]>
              </value>
            </param>
          </params>
          <exception class="java.lang.AssertionError">
            <message>
              <![CDATA[expected [7.1875] but found [5.125]]]>
            </message>
            <full-stacktrace>
              <![CDATA[java.lang.AssertionError: expected [7.1875] but found [5.125]
at org.testng.Assert.fail(Assert.java:96)
at org.testng.Assert.failNotEquals(Assert.java:776)
at org.testng.Assert.assertEqualsImpl(Assert.java:137)
at org.testng.Assert.assertEquals(Assert.java:118)
at org.testng.Assert.assertEquals(Assert.java:453)
at org.testng.Assert.assertEquals(Assert.java:463)
at AppTest.verifyTaxRate(AppTest.java:92)
at sun.reflect.NativeMethodAccessorImpl.invoke0(Native Method)
at sun.reflect.NativeMethodAccessorImpl.invoke(NativeMethodAccessorImpl.java:62)
at sun.reflect.DelegatingMethodAccessorImpl.invoke(DelegatingMethodAccessorImpl.java:43)
at java.lang.reflect.Method.invoke(Method.java:498)
at org.testng.internal.MethodInvocationHelper.invokeMethod(MethodInvocationHelper.java:124)
at org.testng.internal.Invoker.invokeMethod(Invoker.java:583)
at org.testng.internal.Invoker.invokeTestMethod(Invoker.java:719)
at org.testng.internal.Invoker.invokeTestMethods(Invoker.java:989)
at org.testng.internal.TestMethodWorker.invokeTestMethods(TestMethodWorker.java:125)
at org.testng.internal.TestMethodWorker.run(TestMethodWorker.java:109)
at org.testng.TestRunner.privateRun(TestRunner.java:648)
at org.testng.TestRunner.run(TestRunner.java:505)
at org.testng.SuiteRunner.runTest(SuiteRunner.java:455)
at org.testng.SuiteRunner.runSequentially(SuiteRunner.java:450)
at org.testng.SuiteRunner.privateRun(SuiteRunner.java:415)
at org.testng.SuiteRunner.run(SuiteRunner.java:364)
at org.testng.SuiteRunnerWorker.runSuite(SuiteRunnerWorker.java:52)
at org.testng.SuiteRunnerWorker.run(SuiteRunnerWorker.java:84)
at org.testng.TestNG.runSuitesSequentially(TestNG.java:1208)
at org.testng.TestNG.runSuitesLocally(TestNG.java:1137)
at org.testng.TestNG.runSuites(TestNG.java:1049)
at org.testng.TestNG.run(TestNG.java:1017)
at org.apache.maven.surefire.testng.TestNGExecutor.run(TestNGExecutor.java:283)
at org.apache.maven.surefire.testng.TestNGXmlTestSuite.execute(TestNGXmlTestSuite.java:75)
at org.apache.maven.surefire.testng.TestNGProvider.invoke(TestNGProvider.java:120)
at org.apache.maven.surefire.booter.ForkedBooter.invokeProviderInSameClassLoader(ForkedBooter.java:384)
at org.apache.maven.surefire.booter.ForkedBooter.runSuitesInProcess(ForkedBooter.java:345)
at org.apache.maven.surefire.booter.ForkedBooter.execute(ForkedBooter.java:126)
at org.apache.maven.surefire.booter.ForkedBooter.main(ForkedBooter.java:418)
]]>
            </full-stacktrace>
          </exception> <!-- java.lang.AssertionError -->
          <reporter-output>
          </reporter-output>
        </test-method> <!-- verifyTaxRate -->
        <test-method status="FAIL" signature="verifyTaxRate(java.lang.String, java.lang.String, java.lang.String, java.lang.String, java.lang.String, java.lang.String, java.lang.String, java.lang.String, java.lang.String, java.lang.String)[pri:0, instance:AppTest@7f560810]" name="verifyTaxRate" duration-ms="596" started-at="2019-09-06T23:02:46Z" data-provider="Taxrate" finished-at="2019-09-06T23:02:47Z">
          <params>
            <param index="0">
              <value>
                <![CDATA[NM]]>
              </value>
            </param>
            <param index="1">
              <value>
                <![CDATA[87005]]>
              </value>
            </param>
            <param index="2">
              <value>
                <![CDATA[CIBOLA COUNTY]]>
              </value>
            </param>
            <param index="3">
              <value>
                <![CDATA[0.05125]]>
              </value>
            </param>
            <param index="4">
              <value>
                <![CDATA[0.068125]]>
              </value>
            </param>
            <param index="5">
              <value>
                <![CDATA[0.016875]]>
              </value>
            </param>
            <param index="6">
              <value>
                <![CDATA[0]]>
              </value>
            </param>
            <param index="7">
              <value>
                <![CDATA[0]]>
              </value>
            </param>
            <param index="8">
              <value>
                <![CDATA[1]]>
              </value>
            </param>
            <param index="9">
              <value>
                <![CDATA[42]]>
              </value>
            </param>
          </params>
          <exception class="java.lang.AssertionError">
            <message>
              <![CDATA[expected [6.8125] but found [5.125]]]>
            </message>
            <full-stacktrace>
              <![CDATA[java.lang.AssertionError: expected [6.8125] but found [5.125]
at org.testng.Assert.fail(Assert.java:96)
at org.testng.Assert.failNotEquals(Assert.java:776)
at org.testng.Assert.assertEqualsImpl(Assert.java:137)
at org.testng.Assert.assertEquals(Assert.java:118)
at org.testng.Assert.assertEquals(Assert.java:453)
at org.testng.Assert.assertEquals(Assert.java:463)
at AppTest.verifyTaxRate(AppTest.java:92)
at sun.reflect.NativeMethodAccessorImpl.invoke0(Native Method)
at sun.reflect.NativeMethodAccessorImpl.invoke(NativeMethodAccessorImpl.java:62)
at sun.reflect.DelegatingMethodAccessorImpl.invoke(DelegatingMethodAccessorImpl.java:43)
at java.lang.reflect.Method.invoke(Method.java:498)
at org.testng.internal.MethodInvocationHelper.invokeMethod(MethodInvocationHelper.java:124)
at org.testng.internal.Invoker.invokeMethod(Invoker.java:583)
at org.testng.internal.Invoker.invokeTestMethod(Invoker.java:719)
at org.testng.internal.Invoker.invokeTestMethods(Invoker.java:989)
at org.testng.internal.TestMethodWorker.invokeTestMethods(TestMethodWorker.java:125)
at org.testng.internal.TestMethodWorker.run(TestMethodWorker.java:109)
at org.testng.TestRunner.privateRun(TestRunner.java:648)
at org.testng.TestRunner.run(TestRunner.java:505)
at org.testng.SuiteRunner.runTest(SuiteRunner.java:455)
at org.testng.SuiteRunner.runSequentially(SuiteRunner.java:450)
at org.testng.SuiteRunner.privateRun(SuiteRunner.java:415)
at org.testng.SuiteRunner.run(SuiteRunner.java:364)
at org.testng.SuiteRunnerWorker.runSuite(SuiteRunnerWorker.java:52)
at org.testng.SuiteRunnerWorker.run(SuiteRunnerWorker.java:84)
at org.testng.TestNG.runSuitesSequentially(TestNG.java:1208)
at org.testng.TestNG.runSuitesLocally(TestNG.java:1137)
at org.testng.TestNG.runSuites(TestNG.java:1049)
at org.testng.TestNG.run(TestNG.java:1017)
at org.apache.maven.surefire.testng.TestNGExecutor.run(TestNGExecutor.java:283)
at org.apache.maven.surefire.testng.TestNGXmlTestSuite.execute(TestNGXmlTestSuite.java:75)
at org.apache.maven.surefire.testng.TestNGProvider.invoke(TestNGProvider.java:120)
at org.apache.maven.surefire.booter.ForkedBooter.invokeProviderInSameClassLoader(ForkedBooter.java:384)
at org.apache.maven.surefire.booter.ForkedBooter.runSuitesInProcess(ForkedBooter.java:345)
at org.apache.maven.surefire.booter.ForkedBooter.execute(ForkedBooter.java:126)
at org.apache.maven.surefire.booter.ForkedBooter.main(ForkedBooter.java:418)
]]>
            </full-stacktrace>
          </exception> <!-- java.lang.AssertionError -->
          <reporter-output>
          </reporter-output>
        </test-method> <!-- verifyTaxRate -->
        <test-method status="FAIL" signature="verifyTaxRate(java.lang.String, java.lang.String, java.lang.String, java.lang.String, java.lang.String, java.lang.String, java.lang.String, java.lang.String, java.lang.String, java.lang.String)[pri:0, instance:AppTest@7f560810]" name="verifyTaxRate" duration-ms="591" started-at="2019-09-06T23:02:47Z" data-provider="Taxrate" finished-at="2019-09-06T23:02:48Z">
          <params>
            <param index="0">
              <value>
                <![CDATA[NM]]>
              </value>
            </param>
            <param index="1">
              <value>
                <![CDATA[87006]]>
              </value>
            </param>
            <param index="2">
              <value>
                <![CDATA[SOCORRO COUNTY]]>
              </value>
            </param>
            <param index="3">
              <value>
                <![CDATA[0.05125]]>
              </value>
            </param>
            <param index="4">
              <value>
                <![CDATA[0.06375]]>
              </value>
            </param>
            <param index="5">
              <value>
                <![CDATA[0.0125]]>
              </value>
            </param>
            <param index="6">
              <value>
                <![CDATA[0]]>
              </value>
            </param>
            <param index="7">
              <value>
                <![CDATA[0]]>
              </value>
            </param>
            <param index="8">
              <value>
                <![CDATA[4]]>
              </value>
            </param>
            <param index="9">
              <value>
                <![CDATA[42]]>
              </value>
            </param>
          </params>
          <exception class="java.lang.AssertionError">
            <message>
              <![CDATA[expected [6.375] but found [5.125]]]>
            </message>
            <full-stacktrace>
              <![CDATA[java.lang.AssertionError: expected [6.375] but found [5.125]
at org.testng.Assert.fail(Assert.java:96)
at org.testng.Assert.failNotEquals(Assert.java:776)
at org.testng.Assert.assertEqualsImpl(Assert.java:137)
at org.testng.Assert.assertEquals(Assert.java:118)
at org.testng.Assert.assertEquals(Assert.java:453)
at org.testng.Assert.assertEquals(Assert.java:463)
at AppTest.verifyTaxRate(AppTest.java:92)
at sun.reflect.NativeMethodAccessorImpl.invoke0(Native Method)
at sun.reflect.NativeMethodAccessorImpl.invoke(NativeMethodAccessorImpl.java:62)
at sun.reflect.DelegatingMethodAccessorImpl.invoke(DelegatingMethodAccessorImpl.java:43)
at java.lang.reflect.Method.invoke(Method.java:498)
at org.testng.internal.MethodInvocationHelper.invokeMethod(MethodInvocationHelper.java:124)
at org.testng.internal.Invoker.invokeMethod(Invoker.java:583)
at org.testng.internal.Invoker.invokeTestMethod(Invoker.java:719)
at org.testng.internal.Invoker.invokeTestMethods(Invoker.java:989)
at org.testng.internal.TestMethodWorker.invokeTestMethods(TestMethodWorker.java:125)
at org.testng.internal.TestMethodWorker.run(TestMethodWorker.java:109)
at org.testng.TestRunner.privateRun(TestRunner.java:648)
at org.testng.TestRunner.run(TestRunner.java:505)
at org.testng.SuiteRunner.runTest(SuiteRunner.java:455)
at org.testng.SuiteRunner.runSequentially(SuiteRunner.java:450)
at org.testng.SuiteRunner.privateRun(SuiteRunner.java:415)
at org.testng.SuiteRunner.run(SuiteRunner.java:364)
at org.testng.SuiteRunnerWorker.runSuite(SuiteRunnerWorker.java:52)
at org.testng.SuiteRunnerWorker.run(SuiteRunnerWorker.java:84)
at org.testng.TestNG.runSuitesSequentially(TestNG.java:1208)
at org.testng.TestNG.runSuitesLocally(TestNG.java:1137)
at org.testng.TestNG.runSuites(TestNG.java:1049)
at org.testng.TestNG.run(TestNG.java:1017)
at org.apache.maven.surefire.testng.TestNGExecutor.run(TestNGExecutor.java:283)
at org.apache.maven.surefire.testng.TestNGXmlTestSuite.execute(TestNGXmlTestSuite.java:75)
at org.apache.maven.surefire.testng.TestNGProvider.invoke(TestNGProvider.java:120)
at org.apache.maven.surefire.booter.ForkedBooter.invokeProviderInSameClassLoader(ForkedBooter.java:384)
at org.apache.maven.surefire.booter.ForkedBooter.runSuitesInProcess(ForkedBooter.java:345)
at org.apache.maven.surefire.booter.ForkedBooter.execute(ForkedBooter.java:126)
at org.apache.maven.surefire.booter.ForkedBooter.main(ForkedBooter.java:418)
]]>
            </full-stacktrace>
          </exception> <!-- java.lang.AssertionError -->
          <reporter-output>
          </reporter-output>
        </test-method> <!-- verifyTaxRate -->
        <test-method status="FAIL" signature="verifyTaxRate(java.lang.String, java.lang.String, java.lang.String, java.lang.String, java.lang.String, java.lang.String, java.lang.String, java.lang.String, java.lang.String, java.lang.String)[pri:0, instance:AppTest@7f560810]" name="verifyTaxRate" duration-ms="617" started-at="2019-09-06T23:02:48Z" data-provider="Taxrate" finished-at="2019-09-06T23:02:48Z">
          <params>
            <param index="0">
              <value>
                <![CDATA[NM]]>
              </value>
            </param>
            <param index="1">
              <value>
                <![CDATA[87007]]>
              </value>
            </param>
            <param index="2">
              <value>
                <![CDATA[LAGUNA PUEBLO (2) (CIBOLA CO)]]>
              </value>
            </param>
            <param index="3">
              <value>
                <![CDATA[0]]>
              </value>
            </param>
            <param index="4">
              <value>
                <![CDATA[0.068125]]>
              </value>
            </param>
            <param index="5">
              <value>
                <![CDATA[0]]>
              </value>
            </param>
            <param index="6">
              <value>
                <![CDATA[0]]>
              </value>
            </param>
            <param index="7">
              <value>
                <![CDATA[0.068125]]>
              </value>
            </param>
            <param index="8">
              <value>
                <![CDATA[1]]>
              </value>
            </param>
            <param index="9">
              <value>
                <![CDATA[42]]>
              </value>
            </param>
          </params>
          <exception class="java.lang.AssertionError">
            <message>
              <![CDATA[expected [6.8125] but found [5.125]]]>
            </message>
            <full-stacktrace>
              <![CDATA[java.lang.AssertionError: expected [6.8125] but found [5.125]
at org.testng.Assert.fail(Assert.java:96)
at org.testng.Assert.failNotEquals(Assert.java:776)
at org.testng.Assert.assertEqualsImpl(Assert.java:137)
at org.testng.Assert.assertEquals(Assert.java:118)
at org.testng.Assert.assertEquals(Assert.java:453)
at org.testng.Assert.assertEquals(Assert.java:463)
at AppTest.verifyTaxRate(AppTest.java:92)
at sun.reflect.NativeMethodAccessorImpl.invoke0(Native Method)
at sun.reflect.NativeMethodAccessorImpl.invoke(NativeMethodAccessorImpl.java:62)
at sun.reflect.DelegatingMethodAccessorImpl.invoke(DelegatingMethodAccessorImpl.java:43)
at java.lang.reflect.Method.invoke(Method.java:498)
at org.testng.internal.MethodInvocationHelper.invokeMethod(MethodInvocationHelper.java:124)
at org.testng.internal.Invoker.invokeMethod(Invoker.java:583)
at org.testng.internal.Invoker.invokeTestMethod(Invoker.java:719)
at org.testng.internal.Invoker.invokeTestMethods(Invoker.java:989)
at org.testng.internal.TestMethodWorker.invokeTestMethods(TestMethodWorker.java:125)
at org.testng.internal.TestMethodWorker.run(TestMethodWorker.java:109)
at org.testng.TestRunner.privateRun(TestRunner.java:648)
at org.testng.TestRunner.run(TestRunner.java:505)
at org.testng.SuiteRunner.runTest(SuiteRunner.java:455)
at org.testng.SuiteRunner.runSequentially(SuiteRunner.java:450)
at org.testng.SuiteRunner.privateRun(SuiteRunner.java:415)
at org.testng.SuiteRunner.run(SuiteRunner.java:364)
at org.testng.SuiteRunnerWorker.runSuite(SuiteRunnerWorker.java:52)
at org.testng.SuiteRunnerWorker.run(SuiteRunnerWorker.java:84)
at org.testng.TestNG.runSuitesSequentially(TestNG.java:1208)
at org.testng.TestNG.runSuitesLocally(TestNG.java:1137)
at org.testng.TestNG.runSuites(TestNG.java:1049)
at org.testng.TestNG.run(TestNG.java:1017)
at org.apache.maven.surefire.testng.TestNGExecutor.run(TestNGExecutor.java:283)
at org.apache.maven.surefire.testng.TestNGXmlTestSuite.execute(TestNGXmlTestSuite.java:75)
at org.apache.maven.surefire.testng.TestNGProvider.invoke(TestNGProvider.java:120)
at org.apache.maven.surefire.booter.ForkedBooter.invokeProviderInSameClassLoader(ForkedBooter.java:384)
at org.apache.maven.surefire.booter.ForkedBooter.runSuitesInProcess(ForkedBooter.java:345)
at org.apache.maven.surefire.booter.ForkedBooter.execute(ForkedBooter.java:126)
at org.apache.maven.surefire.booter.ForkedBooter.main(ForkedBooter.java:418)
]]>
            </full-stacktrace>
          </exception> <!-- java.lang.AssertionError -->
          <reporter-output>
          </reporter-output>
        </test-method> <!-- verifyTaxRate -->
        <test-method status="FAIL" signature="verifyTaxRate(java.lang.String, java.lang.String, java.lang.String, java.lang.String, java.lang.String, java.lang.String, java.lang.String, java.lang.String, java.lang.String, java.lang.String)[pri:0, instance:AppTest@7f560810]" name="verifyTaxRate" duration-ms="595" started-at="2019-09-06T23:02:48Z" data-provider="Taxrate" finished-at="2019-09-06T23:02:49Z">
          <params>
            <param index="0">
              <value>
                <![CDATA[NM]]>
              </value>
            </param>
            <param index="1">
              <value>
                <![CDATA[87008]]>
              </value>
            </param>
            <param index="2">
              <value>
                <![CDATA[BERNALILLO COUNTY]]>
              </value>
            </param>
            <param index="3">
              <value>
                <![CDATA[0.05125]]>
              </value>
            </param>
            <param index="4">
              <value>
                <![CDATA[0.064375]]>
              </value>
            </param>
            <param index="5">
              <value>
                <![CDATA[0.013125]]>
              </value>
            </param>
            <param index="6">
              <value>
                <![CDATA[0]]>
              </value>
            </param>
            <param index="7">
              <value>
                <![CDATA[0]]>
              </value>
            </param>
            <param index="8">
              <value>
                <![CDATA[1]]>
              </value>
            </param>
            <param index="9">
              <value>
                <![CDATA[42]]>
              </value>
            </param>
          </params>
          <exception class="java.lang.AssertionError">
            <message>
              <![CDATA[expected [6.4375] but found [5.125]]]>
            </message>
            <full-stacktrace>
              <![CDATA[java.lang.AssertionError: expected [6.4375] but found [5.125]
at org.testng.Assert.fail(Assert.java:96)
at org.testng.Assert.failNotEquals(Assert.java:776)
at org.testng.Assert.assertEqualsImpl(Assert.java:137)
at org.testng.Assert.assertEquals(Assert.java:118)
at org.testng.Assert.assertEquals(Assert.java:453)
at org.testng.Assert.assertEquals(Assert.java:463)
at AppTest.verifyTaxRate(AppTest.java:92)
at sun.reflect.NativeMethodAccessorImpl.invoke0(Native Method)
at sun.reflect.NativeMethodAccessorImpl.invoke(NativeMethodAccessorImpl.java:62)
at sun.reflect.DelegatingMethodAccessorImpl.invoke(DelegatingMethodAccessorImpl.java:43)
at java.lang.reflect.Method.invoke(Method.java:498)
at org.testng.internal.MethodInvocationHelper.invokeMethod(MethodInvocationHelper.java:124)
at org.testng.internal.Invoker.invokeMethod(Invoker.java:583)
at org.testng.internal.Invoker.invokeTestMethod(Invoker.java:719)
at org.testng.internal.Invoker.invokeTestMethods(Invoker.java:989)
at org.testng.internal.TestMethodWorker.invokeTestMethods(TestMethodWorker.java:125)
at org.testng.internal.TestMethodWorker.run(TestMethodWorker.java:109)
at org.testng.TestRunner.privateRun(TestRunner.java:648)
at org.testng.TestRunner.run(TestRunner.java:505)
at org.testng.SuiteRunner.runTest(SuiteRunner.java:455)
at org.testng.SuiteRunner.runSequentially(SuiteRunner.java:450)
at org.testng.SuiteRunner.privateRun(SuiteRunner.java:415)
at org.testng.SuiteRunner.run(SuiteRunner.java:364)
at org.testng.SuiteRunnerWorker.runSuite(SuiteRunnerWorker.java:52)
at org.testng.SuiteRunnerWorker.run(SuiteRunnerWorker.java:84)
at org.testng.TestNG.runSuitesSequentially(TestNG.java:1208)
at org.testng.TestNG.runSuitesLocally(TestNG.java:1137)
at org.testng.TestNG.runSuites(TestNG.java:1049)
at org.testng.TestNG.run(TestNG.java:1017)
at org.apache.maven.surefire.testng.TestNGExecutor.run(TestNGExecutor.java:283)
at org.apache.maven.surefire.testng.TestNGXmlTestSuite.execute(TestNGXmlTestSuite.java:75)
at org.apache.maven.surefire.testng.TestNGProvider.invoke(TestNGProvider.java:120)
at org.apache.maven.surefire.booter.ForkedBooter.invokeProviderInSameClassLoader(ForkedBooter.java:384)
at org.apache.maven.surefire.booter.ForkedBooter.runSuitesInProcess(ForkedBooter.java:345)
at org.apache.maven.surefire.booter.ForkedBooter.execute(ForkedBooter.java:126)
at org.apache.maven.surefire.booter.ForkedBooter.main(ForkedBooter.java:418)
]]>
            </full-stacktrace>
          </exception> <!-- java.lang.AssertionError -->
          <reporter-output>
          </reporter-output>
        </test-method> <!-- verifyTaxRate -->
        <test-method status="FAIL" signature="verifyTaxRate(java.lang.String, java.lang.String, java.lang.String, java.lang.String, java.lang.String, java.lang.String, java.lang.String, java.lang.String, java.lang.String, java.lang.String)[pri:0, instance:AppTest@7f560810]" name="verifyTaxRate" duration-ms="611" started-at="2019-09-06T23:02:49Z" data-provider="Taxrate" finished-at="2019-09-06T23:02:49Z">
          <params>
            <param index="0">
              <value>
                <![CDATA[NM]]>
              </value>
            </param>
            <param index="1">
              <value>
                <![CDATA[87010]]>
              </value>
            </param>
            <param index="2">
              <value>
                <![CDATA[SANTA FE COUNTY]]>
              </value>
            </param>
            <param index="3">
              <value>
                <![CDATA[0.05125]]>
              </value>
            </param>
            <param index="4">
              <value>
                <![CDATA[0.07125]]>
              </value>
            </param>
            <param index="5">
              <value>
                <![CDATA[0.02]]>
              </value>
            </param>
            <param index="6">
              <value>
                <![CDATA[0]]>
              </value>
            </param>
            <param index="7">
              <value>
                <![CDATA[0]]>
              </value>
            </param>
            <param index="8">
              <value>
                <![CDATA[2]]>
              </value>
            </param>
            <param index="9">
              <value>
                <![CDATA[42]]>
              </value>
            </param>
          </params>
          <exception class="java.lang.AssertionError">
            <message>
              <![CDATA[expected [7.125] but found [5.125]]]>
            </message>
            <full-stacktrace>
              <![CDATA[java.lang.AssertionError: expected [7.125] but found [5.125]
at org.testng.Assert.fail(Assert.java:96)
at org.testng.Assert.failNotEquals(Assert.java:776)
at org.testng.Assert.assertEqualsImpl(Assert.java:137)
at org.testng.Assert.assertEquals(Assert.java:118)
at org.testng.Assert.assertEquals(Assert.java:453)
at org.testng.Assert.assertEquals(Assert.java:463)
at AppTest.verifyTaxRate(AppTest.java:92)
at sun.reflect.NativeMethodAccessorImpl.invoke0(Native Method)
at sun.reflect.NativeMethodAccessorImpl.invoke(NativeMethodAccessorImpl.java:62)
at sun.reflect.DelegatingMethodAccessorImpl.invoke(DelegatingMethodAccessorImpl.java:43)
at java.lang.reflect.Method.invoke(Method.java:498)
at org.testng.internal.MethodInvocationHelper.invokeMethod(MethodInvocationHelper.java:124)
at org.testng.internal.Invoker.invokeMethod(Invoker.java:583)
at org.testng.internal.Invoker.invokeTestMethod(Invoker.java:719)
at org.testng.internal.Invoker.invokeTestMethods(Invoker.java:989)
at org.testng.internal.TestMethodWorker.invokeTestMethods(TestMethodWorker.java:125)
at org.testng.internal.TestMethodWorker.run(TestMethodWorker.java:109)
at org.testng.TestRunner.privateRun(TestRunner.java:648)
at org.testng.TestRunner.run(TestRunner.java:505)
at org.testng.SuiteRunner.runTest(SuiteRunner.java:455)
at org.testng.SuiteRunner.runSequentially(SuiteRunner.java:450)
at org.testng.SuiteRunner.privateRun(SuiteRunner.java:415)
at org.testng.SuiteRunner.run(SuiteRunner.java:364)
at org.testng.SuiteRunnerWorker.runSuite(SuiteRunnerWorker.java:52)
at org.testng.SuiteRunnerWorker.run(SuiteRunnerWorker.java:84)
at org.testng.TestNG.runSuitesSequentially(TestNG.java:1208)
at org.testng.TestNG.runSuitesLocally(TestNG.java:1137)
at org.testng.TestNG.runSuites(TestNG.java:1049)
at org.testng.TestNG.run(TestNG.java:1017)
at org.apache.maven.surefire.testng.TestNGExecutor.run(TestNGExecutor.java:283)
at org.apache.maven.surefire.testng.TestNGXmlTestSuite.execute(TestNGXmlTestSuite.java:75)
at org.apache.maven.surefire.testng.TestNGProvider.invoke(TestNGProvider.java:120)
at org.apache.maven.surefire.booter.ForkedBooter.invokeProviderInSameClassLoader(ForkedBooter.java:384)
at org.apache.maven.surefire.booter.ForkedBooter.runSuitesInProcess(ForkedBooter.java:345)
at org.apache.maven.surefire.booter.ForkedBooter.execute(ForkedBooter.java:126)
at org.apache.maven.surefire.booter.ForkedBooter.main(ForkedBooter.java:418)
]]>
            </full-stacktrace>
          </exception> <!-- java.lang.AssertionError -->
          <reporter-output>
          </reporter-output>
        </test-method> <!-- verifyTaxRate -->
        <test-method status="FAIL" signature="verifyTaxRate(java.lang.String, java.lang.String, java.lang.String, java.lang.String, java.lang.String, java.lang.String, java.lang.String, java.lang.String, java.lang.String, java.lang.String)[pri:0, instance:AppTest@7f560810]" name="verifyTaxRate" duration-ms="577" started-at="2019-09-06T23:02:49Z" data-provider="Taxrate" finished-at="2019-09-06T23:02:50Z">
          <params>
            <param index="0">
              <value>
                <![CDATA[NM]]>
              </value>
            </param>
            <param index="1">
              <value>
                <![CDATA[87011]]>
              </value>
            </param>
            <param index="2">
              <value>
                <![CDATA[SOCORRO COUNTY]]>
              </value>
            </param>
            <param index="3">
              <value>
                <![CDATA[0.05125]]>
              </value>
            </param>
            <param index="4">
              <value>
                <![CDATA[0.06375]]>
              </value>
            </param>
            <param index="5">
              <value>
                <![CDATA[0.0125]]>
              </value>
            </param>
            <param index="6">
              <value>
                <![CDATA[0]]>
              </value>
            </param>
            <param index="7">
              <value>
                <![CDATA[0]]>
              </value>
            </param>
            <param index="8">
              <value>
                <![CDATA[1]]>
              </value>
            </param>
            <param index="9">
              <value>
                <![CDATA[42]]>
              </value>
            </param>
          </params>
          <exception class="java.lang.AssertionError">
            <message>
              <![CDATA[expected [6.375] but found [5.125]]]>
            </message>
            <full-stacktrace>
              <![CDATA[java.lang.AssertionError: expected [6.375] but found [5.125]
at org.testng.Assert.fail(Assert.java:96)
at org.testng.Assert.failNotEquals(Assert.java:776)
at org.testng.Assert.assertEqualsImpl(Assert.java:137)
at org.testng.Assert.assertEquals(Assert.java:118)
at org.testng.Assert.assertEquals(Assert.java:453)
at org.testng.Assert.assertEquals(Assert.java:463)
at AppTest.verifyTaxRate(AppTest.java:92)
at sun.reflect.NativeMethodAccessorImpl.invoke0(Native Method)
at sun.reflect.NativeMethodAccessorImpl.invoke(NativeMethodAccessorImpl.java:62)
at sun.reflect.DelegatingMethodAccessorImpl.invoke(DelegatingMethodAccessorImpl.java:43)
at java.lang.reflect.Method.invoke(Method.java:498)
at org.testng.internal.MethodInvocationHelper.invokeMethod(MethodInvocationHelper.java:124)
at org.testng.internal.Invoker.invokeMethod(Invoker.java:583)
at org.testng.internal.Invoker.invokeTestMethod(Invoker.java:719)
at org.testng.internal.Invoker.invokeTestMethods(Invoker.java:989)
at org.testng.internal.TestMethodWorker.invokeTestMethods(TestMethodWorker.java:125)
at org.testng.internal.TestMethodWorker.run(TestMethodWorker.java:109)
at org.testng.TestRunner.privateRun(TestRunner.java:648)
at org.testng.TestRunner.run(TestRunner.java:505)
at org.testng.SuiteRunner.runTest(SuiteRunner.java:455)
at org.testng.SuiteRunner.runSequentially(SuiteRunner.java:450)
at org.testng.SuiteRunner.privateRun(SuiteRunner.java:415)
at org.testng.SuiteRunner.run(SuiteRunner.java:364)
at org.testng.SuiteRunnerWorker.runSuite(SuiteRunnerWorker.java:52)
at org.testng.SuiteRunnerWorker.run(SuiteRunnerWorker.java:84)
at org.testng.TestNG.runSuitesSequentially(TestNG.java:1208)
at org.testng.TestNG.runSuitesLocally(TestNG.java:1137)
at org.testng.TestNG.runSuites(TestNG.java:1049)
at org.testng.TestNG.run(TestNG.java:1017)
at org.apache.maven.surefire.testng.TestNGExecutor.run(TestNGExecutor.java:283)
at org.apache.maven.surefire.testng.TestNGXmlTestSuite.execute(TestNGXmlTestSuite.java:75)
at org.apache.maven.surefire.testng.TestNGProvider.invoke(TestNGProvider.java:120)
at org.apache.maven.surefire.booter.ForkedBooter.invokeProviderInSameClassLoader(ForkedBooter.java:384)
at org.apache.maven.surefire.booter.ForkedBooter.runSuitesInProcess(ForkedBooter.java:345)
at org.apache.maven.surefire.booter.ForkedBooter.execute(ForkedBooter.java:126)
at org.apache.maven.surefire.booter.ForkedBooter.main(ForkedBooter.java:418)
]]>
            </full-stacktrace>
          </exception> <!-- java.lang.AssertionError -->
          <reporter-output>
          </reporter-output>
        </test-method> <!-- verifyTaxRate -->
        <test-method status="FAIL" signature="verifyTaxRate(java.lang.String, java.lang.String, java.lang.String, java.lang.String, java.lang.String, java.lang.String, java.lang.String, java.lang.String, java.lang.String, java.lang.String)[pri:0, instance:AppTest@7f560810]" name="verifyTaxRate" duration-ms="587" started-at="2019-09-06T23:02:50Z" data-provider="Taxrate" finished-at="2019-09-06T23:02:51Z">
          <params>
            <param index="0">
              <value>
                <![CDATA[NM]]>
              </value>
            </param>
            <param index="1">
              <value>
                <![CDATA[87012]]>
              </value>
            </param>
            <param index="2">
              <value>
                <![CDATA[RIO ARRIBA COUNTY]]>
              </value>
            </param>
            <param index="3">
              <value>
                <![CDATA[0.05125]]>
              </value>
            </param>
            <param index="4">
              <value>
                <![CDATA[0.06875]]>
              </value>
            </param>
            <param index="5">
              <value>
                <![CDATA[0.0175]]>
              </value>
            </param>
            <param index="6">
              <value>
                <![CDATA[0]]>
              </value>
            </param>
            <param index="7">
              <value>
                <![CDATA[0]]>
              </value>
            </param>
            <param index="8">
              <value>
                <![CDATA[2]]>
              </value>
            </param>
            <param index="9">
              <value>
                <![CDATA[42]]>
              </value>
            </param>
          </params>
          <exception class="java.lang.AssertionError">
            <message>
              <![CDATA[expected [6.875] but found [5.125]]]>
            </message>
            <full-stacktrace>
              <![CDATA[java.lang.AssertionError: expected [6.875] but found [5.125]
at org.testng.Assert.fail(Assert.java:96)
at org.testng.Assert.failNotEquals(Assert.java:776)
at org.testng.Assert.assertEqualsImpl(Assert.java:137)
at org.testng.Assert.assertEquals(Assert.java:118)
at org.testng.Assert.assertEquals(Assert.java:453)
at org.testng.Assert.assertEquals(Assert.java:463)
at AppTest.verifyTaxRate(AppTest.java:92)
at sun.reflect.NativeMethodAccessorImpl.invoke0(Native Method)
at sun.reflect.NativeMethodAccessorImpl.invoke(NativeMethodAccessorImpl.java:62)
at sun.reflect.DelegatingMethodAccessorImpl.invoke(DelegatingMethodAccessorImpl.java:43)
at java.lang.reflect.Method.invoke(Method.java:498)
at org.testng.internal.MethodInvocationHelper.invokeMethod(MethodInvocationHelper.java:124)
at org.testng.internal.Invoker.invokeMethod(Invoker.java:583)
at org.testng.internal.Invoker.invokeTestMethod(Invoker.java:719)
at org.testng.internal.Invoker.invokeTestMethods(Invoker.java:989)
at org.testng.internal.TestMethodWorker.invokeTestMethods(TestMethodWorker.java:125)
at org.testng.internal.TestMethodWorker.run(TestMethodWorker.java:109)
at org.testng.TestRunner.privateRun(TestRunner.java:648)
at org.testng.TestRunner.run(TestRunner.java:505)
at org.testng.SuiteRunner.runTest(SuiteRunner.java:455)
at org.testng.SuiteRunner.runSequentially(SuiteRunner.java:450)
at org.testng.SuiteRunner.privateRun(SuiteRunner.java:415)
at org.testng.SuiteRunner.run(SuiteRunner.java:364)
at org.testng.SuiteRunnerWorker.runSuite(SuiteRunnerWorker.java:52)
at org.testng.SuiteRunnerWorker.run(SuiteRunnerWorker.java:84)
at org.testng.TestNG.runSuitesSequentially(TestNG.java:1208)
at org.testng.TestNG.runSuitesLocally(TestNG.java:1137)
at org.testng.TestNG.runSuites(TestNG.java:1049)
at org.testng.TestNG.run(TestNG.java:1017)
at org.apache.maven.surefire.testng.TestNGExecutor.run(TestNGExecutor.java:283)
at org.apache.maven.surefire.testng.TestNGXmlTestSuite.execute(TestNGXmlTestSuite.java:75)
at org.apache.maven.surefire.testng.TestNGProvider.invoke(TestNGProvider.java:120)
at org.apache.maven.surefire.booter.ForkedBooter.invokeProviderInSameClassLoader(ForkedBooter.java:384)
at org.apache.maven.surefire.booter.ForkedBooter.runSuitesInProcess(ForkedBooter.java:345)
at org.apache.maven.surefire.booter.ForkedBooter.execute(ForkedBooter.java:126)
at org.apache.maven.surefire.booter.ForkedBooter.main(ForkedBooter.java:418)
]]>
            </full-stacktrace>
          </exception> <!-- java.lang.AssertionError -->
          <reporter-output>
          </reporter-output>
        </test-method> <!-- verifyTaxRate -->
        <test-method status="FAIL" signature="verifyTaxRate(java.lang.String, java.lang.String, java.lang.String, java.lang.String, java.lang.String, java.lang.String, java.lang.String, java.lang.String, java.lang.String, java.lang.String)[pri:0, instance:AppTest@7f560810]" name="verifyTaxRate" duration-ms="596" started-at="2019-09-06T23:02:51Z" data-provider="Taxrate" finished-at="2019-09-06T23:02:51Z">
          <params>
            <param index="0">
              <value>
                <![CDATA[NM]]>
              </value>
            </param>
            <param index="1">
              <value>
                <![CDATA[87013]]>
              </value>
            </param>
            <param index="2">
              <value>
                <![CDATA[CUBA]]>
              </value>
            </param>
            <param index="3">
              <value>
                <![CDATA[0.05125]]>
              </value>
            </param>
            <param index="4">
              <value>
                <![CDATA[0.083125]]>
              </value>
            </param>
            <param index="5">
              <value>
                <![CDATA[0]]>
              </value>
            </param>
            <param index="6">
              <value>
                <![CDATA[0.031875]]>
              </value>
            </param>
            <param index="7">
              <value>
                <![CDATA[0]]>
              </value>
            </param>
            <param index="8">
              <value>
                <![CDATA[3]]>
              </value>
            </param>
            <param index="9">
              <value>
                <![CDATA[42]]>
              </value>
            </param>
          </params>
          <exception class="java.lang.AssertionError">
            <message>
              <![CDATA[expected [8.3125] but found [5.125]]]>
            </message>
            <full-stacktrace>
              <![CDATA[java.lang.AssertionError: expected [8.3125] but found [5.125]
at org.testng.Assert.fail(Assert.java:96)
at org.testng.Assert.failNotEquals(Assert.java:776)
at org.testng.Assert.assertEqualsImpl(Assert.java:137)
at org.testng.Assert.assertEquals(Assert.java:118)
at org.testng.Assert.assertEquals(Assert.java:453)
at org.testng.Assert.assertEquals(Assert.java:463)
at AppTest.verifyTaxRate(AppTest.java:92)
at sun.reflect.NativeMethodAccessorImpl.invoke0(Native Method)
at sun.reflect.NativeMethodAccessorImpl.invoke(NativeMethodAccessorImpl.java:62)
at sun.reflect.DelegatingMethodAccessorImpl.invoke(DelegatingMethodAccessorImpl.java:43)
at java.lang.reflect.Method.invoke(Method.java:498)
at org.testng.internal.MethodInvocationHelper.invokeMethod(MethodInvocationHelper.java:124)
at org.testng.internal.Invoker.invokeMethod(Invoker.java:583)
at org.testng.internal.Invoker.invokeTestMethod(Invoker.java:719)
at org.testng.internal.Invoker.invokeTestMethods(Invoker.java:989)
at org.testng.internal.TestMethodWorker.invokeTestMethods(TestMethodWorker.java:125)
at org.testng.internal.TestMethodWorker.run(TestMethodWorker.java:109)
at org.testng.TestRunner.privateRun(TestRunner.java:648)
at org.testng.TestRunner.run(TestRunner.java:505)
at org.testng.SuiteRunner.runTest(SuiteRunner.java:455)
at org.testng.SuiteRunner.runSequentially(SuiteRunner.java:450)
at org.testng.SuiteRunner.privateRun(SuiteRunner.java:415)
at org.testng.SuiteRunner.run(SuiteRunner.java:364)
at org.testng.SuiteRunnerWorker.runSuite(SuiteRunnerWorker.java:52)
at org.testng.SuiteRunnerWorker.run(SuiteRunnerWorker.java:84)
at org.testng.TestNG.runSuitesSequentially(TestNG.java:1208)
at org.testng.TestNG.runSuitesLocally(TestNG.java:1137)
at org.testng.TestNG.runSuites(TestNG.java:1049)
at org.testng.TestNG.run(TestNG.java:1017)
at org.apache.maven.surefire.testng.TestNGExecutor.run(TestNGExecutor.java:283)
at org.apache.maven.surefire.testng.TestNGXmlTestSuite.execute(TestNGXmlTestSuite.java:75)
at org.apache.maven.surefire.testng.TestNGProvider.invoke(TestNGProvider.java:120)
at org.apache.maven.surefire.booter.ForkedBooter.invokeProviderInSameClassLoader(ForkedBooter.java:384)
at org.apache.maven.surefire.booter.ForkedBooter.runSuitesInProcess(ForkedBooter.java:345)
at org.apache.maven.surefire.booter.ForkedBooter.execute(ForkedBooter.java:126)
at org.apache.maven.surefire.booter.ForkedBooter.main(ForkedBooter.java:418)
]]>
            </full-stacktrace>
          </exception> <!-- java.lang.AssertionError -->
          <reporter-output>
          </reporter-output>
        </test-method> <!-- verifyTaxRate -->
        <test-method status="FAIL" signature="verifyTaxRate(java.lang.String, java.lang.String, java.lang.String, java.lang.String, java.lang.String, java.lang.String, java.lang.String, java.lang.String, java.lang.String, java.lang.String)[pri:0, instance:AppTest@7f560810]" name="verifyTaxRate" duration-ms="567" started-at="2019-09-06T23:02:51Z" data-provider="Taxrate" finished-at="2019-09-06T23:02:52Z">
          <params>
            <param index="0">
              <value>
                <![CDATA[NM]]>
              </value>
            </param>
            <param index="1">
              <value>
                <![CDATA[87014]]>
              </value>
            </param>
            <param index="2">
              <value>
                <![CDATA[CIBOLA COUNTY]]>
              </value>
            </param>
            <param index="3">
              <value>
                <![CDATA[0.05125]]>
              </value>
            </param>
            <param index="4">
              <value>
                <![CDATA[0.068125]]>
              </value>
            </param>
            <param index="5">
              <value>
                <![CDATA[0.016875]]>
              </value>
            </param>
            <param index="6">
              <value>
                <![CDATA[0]]>
              </value>
            </param>
            <param index="7">
              <value>
                <![CDATA[0]]>
              </value>
            </param>
            <param index="8">
              <value>
                <![CDATA[1]]>
              </value>
            </param>
            <param index="9">
              <value>
                <![CDATA[42]]>
              </value>
            </param>
          </params>
          <exception class="java.lang.AssertionError">
            <message>
              <![CDATA[expected [6.8125] but found [5.125]]]>
            </message>
            <full-stacktrace>
              <![CDATA[java.lang.AssertionError: expected [6.8125] but found [5.125]
at org.testng.Assert.fail(Assert.java:96)
at org.testng.Assert.failNotEquals(Assert.java:776)
at org.testng.Assert.assertEqualsImpl(Assert.java:137)
at org.testng.Assert.assertEquals(Assert.java:118)
at org.testng.Assert.assertEquals(Assert.java:453)
at org.testng.Assert.assertEquals(Assert.java:463)
at AppTest.verifyTaxRate(AppTest.java:92)
at sun.reflect.NativeMethodAccessorImpl.invoke0(Native Method)
at sun.reflect.NativeMethodAccessorImpl.invoke(NativeMethodAccessorImpl.java:62)
at sun.reflect.DelegatingMethodAccessorImpl.invoke(DelegatingMethodAccessorImpl.java:43)
at java.lang.reflect.Method.invoke(Method.java:498)
at org.testng.internal.MethodInvocationHelper.invokeMethod(MethodInvocationHelper.java:124)
at org.testng.internal.Invoker.invokeMethod(Invoker.java:583)
at org.testng.internal.Invoker.invokeTestMethod(Invoker.java:719)
at org.testng.internal.Invoker.invokeTestMethods(Invoker.java:989)
at org.testng.internal.TestMethodWorker.invokeTestMethods(TestMethodWorker.java:125)
at org.testng.internal.TestMethodWorker.run(TestMethodWorker.java:109)
at org.testng.TestRunner.privateRun(TestRunner.java:648)
at org.testng.TestRunner.run(TestRunner.java:505)
at org.testng.SuiteRunner.runTest(SuiteRunner.java:455)
at org.testng.SuiteRunner.runSequentially(SuiteRunner.java:450)
at org.testng.SuiteRunner.privateRun(SuiteRunner.java:415)
at org.testng.SuiteRunner.run(SuiteRunner.java:364)
at org.testng.SuiteRunnerWorker.runSuite(SuiteRunnerWorker.java:52)
at org.testng.SuiteRunnerWorker.run(SuiteRunnerWorker.java:84)
at org.testng.TestNG.runSuitesSequentially(TestNG.java:1208)
at org.testng.TestNG.runSuitesLocally(TestNG.java:1137)
at org.testng.TestNG.runSuites(TestNG.java:1049)
at org.testng.TestNG.run(TestNG.java:1017)
at org.apache.maven.surefire.testng.TestNGExecutor.run(TestNGExecutor.java:283)
at org.apache.maven.surefire.testng.TestNGXmlTestSuite.execute(TestNGXmlTestSuite.java:75)
at org.apache.maven.surefire.testng.TestNGProvider.invoke(TestNGProvider.java:120)
at org.apache.maven.surefire.booter.ForkedBooter.invokeProviderInSameClassLoader(ForkedBooter.java:384)
at org.apache.maven.surefire.booter.ForkedBooter.runSuitesInProcess(ForkedBooter.java:345)
at org.apache.maven.surefire.booter.ForkedBooter.execute(ForkedBooter.java:126)
at org.apache.maven.surefire.booter.ForkedBooter.main(ForkedBooter.java:418)
]]>
            </full-stacktrace>
          </exception> <!-- java.lang.AssertionError -->
          <reporter-output>
          </reporter-output>
        </test-method> <!-- verifyTaxRate -->
        <test-method status="PASS" signature="verifyTaxRate(java.lang.String, java.lang.String, java.lang.String, java.lang.String, java.lang.String, java.lang.String, java.lang.String, java.lang.String, java.lang.String, java.lang.String)[pri:0, instance:AppTest@7f560810]" name="verifyTaxRate" duration-ms="621" started-at="2019-09-06T23:02:52Z" data-provider="Taxrate" finished-at="2019-09-06T23:02:52Z">
          <params>
            <param index="0">
              <value>
                <![CDATA[TN]]>
              </value>
            </param>
            <param index="1">
              <value>
                <![CDATA[37010]]>
              </value>
            </param>
            <param index="2">
              <value>
                <![CDATA[MONTGOMERY COUNTY]]>
              </value>
            </param>
            <param index="3">
              <value>
                <![CDATA[0.07]]>
              </value>
            </param>
            <param index="4">
              <value>
                <![CDATA[0.095]]>
              </value>
            </param>
            <param index="5">
              <value>
                <![CDATA[0.025]]>
              </value>
            </param>
            <param index="6">
              <value>
                <![CDATA[0]]>
              </value>
            </param>
            <param index="7">
              <value>
                <![CDATA[0]]>
              </value>
            </param>
            <param index="8">
              <value>
                <![CDATA[1]]>
              </value>
            </param>
            <param index="9">
              <value>
                <![CDATA[56]]>
              </value>
            </param>
          </params>
          <reporter-output>
          </reporter-output>
        </test-method> <!-- verifyTaxRate -->
        <test-method status="PASS" signature="verifyTaxRate(java.lang.String, java.lang.String, java.lang.String, java.lang.String, java.lang.String, java.lang.String, java.lang.String, java.lang.String, java.lang.String, java.lang.String)[pri:0, instance:AppTest@7f560810]" name="verifyTaxRate" duration-ms="605" started-at="2019-09-06T23:02:52Z" data-provider="Taxrate" finished-at="2019-09-06T23:02:53Z">
          <params>
            <param index="0">
              <value>
                <![CDATA[TN]]>
              </value>
            </param>
            <param index="1">
              <value>
                <![CDATA[37011]]>
              </value>
            </param>
            <param index="2">
              <value>
                <![CDATA[NASHVILLE]]>
              </value>
            </param>
            <param index="3">
              <value>
                <![CDATA[0.07]]>
              </value>
            </param>
            <param index="4">
              <value>
                <![CDATA[0.0925]]>
              </value>
            </param>
            <param index="5">
              <value>
                <![CDATA[0.0225]]>
              </value>
            </param>
            <param index="6">
              <value>
                <![CDATA[0]]>
              </value>
            </param>
            <param index="7">
              <value>
                <![CDATA[0]]>
              </value>
            </param>
            <param index="8">
              <value>
                <![CDATA[1]]>
              </value>
            </param>
            <param index="9">
              <value>
                <![CDATA[56]]>
              </value>
            </param>
          </params>
          <reporter-output>
          </reporter-output>
        </test-method> <!-- verifyTaxRate -->
        <test-method status="PASS" signature="verifyTaxRate(java.lang.String, java.lang.String, java.lang.String, java.lang.String, java.lang.String, java.lang.String, java.lang.String, java.lang.String, java.lang.String, java.lang.String)[pri:0, instance:AppTest@7f560810]" name="verifyTaxRate" duration-ms="617" started-at="2019-09-06T23:02:53Z" data-provider="Taxrate" finished-at="2019-09-06T23:02:54Z">
          <params>
            <param index="0">
              <value>
                <![CDATA[TN]]>
              </value>
            </param>
            <param index="1">
              <value>
                <![CDATA[37012]]>
              </value>
            </param>
            <param index="2">
              <value>
                <![CDATA[DEKALB COUNTY]]>
              </value>
            </param>
            <param index="3">
              <value>
                <![CDATA[0.07]]>
              </value>
            </param>
            <param index="4">
              <value>
                <![CDATA[0.0975]]>
              </value>
            </param>
            <param index="5">
              <value>
                <![CDATA[0.0275]]>
              </value>
            </param>
            <param index="6">
              <value>
                <![CDATA[0]]>
              </value>
            </param>
            <param index="7">
              <value>
                <![CDATA[0]]>
              </value>
            </param>
            <param index="8">
              <value>
                <![CDATA[1]]>
              </value>
            </param>
            <param index="9">
              <value>
                <![CDATA[56]]>
              </value>
            </param>
          </params>
          <reporter-output>
          </reporter-output>
        </test-method> <!-- verifyTaxRate -->
        <test-method status="PASS" signature="verifyTaxRate(java.lang.String, java.lang.String, java.lang.String, java.lang.String, java.lang.String, java.lang.String, java.lang.String, java.lang.String, java.lang.String, java.lang.String)[pri:0, instance:AppTest@7f560810]" name="verifyTaxRate" duration-ms="647" started-at="2019-09-06T23:02:54Z" data-provider="Taxrate" finished-at="2019-09-06T23:02:54Z">
          <params>
            <param index="0">
              <value>
                <![CDATA[TN]]>
              </value>
            </param>
            <param index="1">
              <value>
                <![CDATA[37013]]>
              </value>
            </param>
            <param index="2">
              <value>
                <![CDATA[NASHVILLE]]>
              </value>
            </param>
            <param index="3">
              <value>
                <![CDATA[0.07]]>
              </value>
            </param>
            <param index="4">
              <value>
                <![CDATA[0.0925]]>
              </value>
            </param>
            <param index="5">
              <value>
                <![CDATA[0.0225]]>
              </value>
            </param>
            <param index="6">
              <value>
                <![CDATA[0]]>
              </value>
            </param>
            <param index="7">
              <value>
                <![CDATA[0]]>
              </value>
            </param>
            <param index="8">
              <value>
                <![CDATA[2]]>
              </value>
            </param>
            <param index="9">
              <value>
                <![CDATA[56]]>
              </value>
            </param>
          </params>
          <reporter-output>
          </reporter-output>
        </test-method> <!-- verifyTaxRate -->
        <test-method status="PASS" signature="verifyTaxRate(java.lang.String, java.lang.String, java.lang.String, java.lang.String, java.lang.String, java.lang.String, java.lang.String, java.lang.String, java.lang.String, java.lang.String)[pri:0, instance:AppTest@7f560810]" name="verifyTaxRate" duration-ms="629" started-at="2019-09-06T23:02:54Z" data-provider="Taxrate" finished-at="2019-09-06T23:02:55Z">
          <params>
            <param index="0">
              <value>
                <![CDATA[TN]]>
              </value>
            </param>
            <param index="1">
              <value>
                <![CDATA[37014]]>
              </value>
            </param>
            <param index="2">
              <value>
                <![CDATA[WILLIAMSON COUNTY]]>
              </value>
            </param>
            <param index="3">
              <value>
                <![CDATA[0.07]]>
              </value>
            </param>
            <param index="4">
              <value>
                <![CDATA[0.0975]]>
              </value>
            </param>
            <param index="5">
              <value>
                <![CDATA[0.0275]]>
              </value>
            </param>
            <param index="6">
              <value>
                <![CDATA[0]]>
              </value>
            </param>
            <param index="7">
              <value>
                <![CDATA[0]]>
              </value>
            </param>
            <param index="8">
              <value>
                <![CDATA[2]]>
              </value>
            </param>
            <param index="9">
              <value>
                <![CDATA[56]]>
              </value>
            </param>
          </params>
          <reporter-output>
          </reporter-output>
        </test-method> <!-- verifyTaxRate -->
        <test-method status="PASS" signature="verifyTaxRate(java.lang.String, java.lang.String, java.lang.String, java.lang.String, java.lang.String, java.lang.String, java.lang.String, java.lang.String, java.lang.String, java.lang.String)[pri:0, instance:AppTest@7f560810]" name="verifyTaxRate" duration-ms="642" started-at="2019-09-06T23:02:55Z" data-provider="Taxrate" finished-at="2019-09-06T23:02:55Z">
          <params>
            <param index="0">
              <value>
                <![CDATA[TN]]>
              </value>
            </param>
            <param index="1">
              <value>
                <![CDATA[37015]]>
              </value>
            </param>
            <param index="2">
              <value>
                <![CDATA[CHEATHAM COUNTY]]>
              </value>
            </param>
            <param index="3">
              <value>
                <![CDATA[0.07]]>
              </value>
            </param>
            <param index="4">
              <value>
                <![CDATA[0.0925]]>
              </value>
            </param>
            <param index="5">
              <value>
                <![CDATA[0.0225]]>
              </value>
            </param>
            <param index="6">
              <value>
                <![CDATA[0]]>
              </value>
            </param>
            <param index="7">
              <value>
                <![CDATA[0]]>
              </value>
            </param>
            <param index="8">
              <value>
                <![CDATA[1]]>
              </value>
            </param>
            <param index="9">
              <value>
                <![CDATA[56]]>
              </value>
            </param>
          </params>
          <reporter-output>
          </reporter-output>
        </test-method> <!-- verifyTaxRate -->
        <test-method status="PASS" signature="verifyTaxRate(java.lang.String, java.lang.String, java.lang.String, java.lang.String, java.lang.String, java.lang.String, java.lang.String, java.lang.String, java.lang.String, java.lang.String)[pri:0, instance:AppTest@7f560810]" name="verifyTaxRate" duration-ms="599" started-at="2019-09-06T23:02:55Z" data-provider="Taxrate" finished-at="2019-09-06T23:02:56Z">
          <params>
            <param index="0">
              <value>
                <![CDATA[TN]]>
              </value>
            </param>
            <param index="1">
              <value>
                <![CDATA[37016]]>
              </value>
            </param>
            <param index="2">
              <value>
                <![CDATA[CANNON COUNTY]]>
              </value>
            </param>
            <param index="3">
              <value>
                <![CDATA[0.07]]>
              </value>
            </param>
            <param index="4">
              <value>
                <![CDATA[0.0875]]>
              </value>
            </param>
            <param index="5">
              <value>
                <![CDATA[0.0175]]>
              </value>
            </param>
            <param index="6">
              <value>
                <![CDATA[0]]>
              </value>
            </param>
            <param index="7">
              <value>
                <![CDATA[0]]>
              </value>
            </param>
            <param index="8">
              <value>
                <![CDATA[1]]>
              </value>
            </param>
            <param index="9">
              <value>
                <![CDATA[56]]>
              </value>
            </param>
          </params>
          <reporter-output>
          </reporter-output>
        </test-method> <!-- verifyTaxRate -->
        <test-method status="PASS" signature="verifyTaxRate(java.lang.String, java.lang.String, java.lang.String, java.lang.String, java.lang.String, java.lang.String, java.lang.String, java.lang.String, java.lang.String, java.lang.String)[pri:0, instance:AppTest@7f560810]" name="verifyTaxRate" duration-ms="630" started-at="2019-09-06T23:02:56Z" data-provider="Taxrate" finished-at="2019-09-06T23:02:57Z">
          <params>
            <param index="0">
              <value>
                <![CDATA[TN]]>
              </value>
            </param>
            <param index="1">
              <value>
                <![CDATA[37018]]>
              </value>
            </param>
            <param index="2">
              <value>
                <![CDATA[COFFEE COUNTY]]>
              </value>
            </param>
            <param index="3">
              <value>
                <![CDATA[0.07]]>
              </value>
            </param>
            <param index="4">
              <value>
                <![CDATA[0.0975]]>
              </value>
            </param>
            <param index="5">
              <value>
                <![CDATA[0.0275]]>
              </value>
            </param>
            <param index="6">
              <value>
                <![CDATA[0]]>
              </value>
            </param>
            <param index="7">
              <value>
                <![CDATA[0]]>
              </value>
            </param>
            <param index="8">
              <value>
                <![CDATA[1]]>
              </value>
            </param>
            <param index="9">
              <value>
                <![CDATA[56]]>
              </value>
            </param>
          </params>
          <reporter-output>
          </reporter-output>
        </test-method> <!-- verifyTaxRate -->
        <test-method status="PASS" signature="verifyTaxRate(java.lang.String, java.lang.String, java.lang.String, java.lang.String, java.lang.String, java.lang.String, java.lang.String, java.lang.String, java.lang.String, java.lang.String)[pri:0, instance:AppTest@7f560810]" name="verifyTaxRate" duration-ms="630" started-at="2019-09-06T23:02:57Z" data-provider="Taxrate" finished-at="2019-09-06T23:02:57Z">
          <params>
            <param index="0">
              <value>
                <![CDATA[TN]]>
              </value>
            </param>
            <param index="1">
              <value>
                <![CDATA[37019]]>
              </value>
            </param>
            <param index="2">
              <value>
                <![CDATA[MARSHALL COUNTY]]>
              </value>
            </param>
            <param index="3">
              <value>
                <![CDATA[0.07]]>
              </value>
            </param>
            <param index="4">
              <value>
                <![CDATA[0.0925]]>
              </value>
            </param>
            <param index="5">
              <value>
                <![CDATA[0.0225]]>
              </value>
            </param>
            <param index="6">
              <value>
                <![CDATA[0]]>
              </value>
            </param>
            <param index="7">
              <value>
                <![CDATA[0]]>
              </value>
            </param>
            <param index="8">
              <value>
                <![CDATA[1]]>
              </value>
            </param>
            <param index="9">
              <value>
                <![CDATA[56]]>
              </value>
            </param>
          </params>
          <reporter-output>
          </reporter-output>
        </test-method> <!-- verifyTaxRate -->
        <test-method status="PASS" signature="verifyTaxRate(java.lang.String, java.lang.String, java.lang.String, java.lang.String, java.lang.String, java.lang.String, java.lang.String, java.lang.String, java.lang.String, java.lang.String)[pri:0, instance:AppTest@7f560810]" name="verifyTaxRate" duration-ms="594" started-at="2019-09-06T23:02:57Z" data-provider="Taxrate" finished-at="2019-09-06T23:02:58Z">
          <params>
            <param index="0">
              <value>
                <![CDATA[TN]]>
              </value>
            </param>
            <param index="1">
              <value>
                <![CDATA[37020]]>
              </value>
            </param>
            <param index="2">
              <value>
                <![CDATA[BEDFORD COUNTY]]>
              </value>
            </param>
            <param index="3">
              <value>
                <![CDATA[0.07]]>
              </value>
            </param>
            <param index="4">
              <value>
                <![CDATA[0.0975]]>
              </value>
            </param>
            <param index="5">
              <value>
                <![CDATA[0.0275]]>
              </value>
            </param>
            <param index="6">
              <value>
                <![CDATA[0]]>
              </value>
            </param>
            <param index="7">
              <value>
                <![CDATA[0]]>
              </value>
            </param>
            <param index="8">
              <value>
                <![CDATA[1]]>
              </value>
            </param>
            <param index="9">
              <value>
                <![CDATA[56]]>
              </value>
            </param>
          </params>
          <reporter-output>
          </reporter-output>
        </test-method> <!-- verifyTaxRate -->
        <test-method status="PASS" signature="verifyTaxRate(java.lang.String, java.lang.String, java.lang.String, java.lang.String, java.lang.String, java.lang.String, java.lang.String, java.lang.String, java.lang.String, java.lang.String)[pri:0, instance:AppTest@7f560810]" name="verifyTaxRate" duration-ms="623" started-at="2019-09-06T23:02:58Z" data-provider="Taxrate" finished-at="2019-09-06T23:02:59Z">
          <params>
            <param index="0">
              <value>
                <![CDATA[TN]]>
              </value>
            </param>
            <param index="1">
              <value>
                <![CDATA[37022]]>
              </value>
            </param>
            <param index="2">
              <value>
                <![CDATA[SUMNER COUNTY]]>
              </value>
            </param>
            <param index="3">
              <value>
                <![CDATA[0.07]]>
              </value>
            </param>
            <param index="4">
              <value>
                <![CDATA[0.0925]]>
              </value>
            </param>
            <param index="5">
              <value>
                <![CDATA[0.0225]]>
              </value>
            </param>
            <param index="6">
              <value>
                <![CDATA[0]]>
              </value>
            </param>
            <param index="7">
              <value>
                <![CDATA[0]]>
              </value>
            </param>
            <param index="8">
              <value>
                <![CDATA[2]]>
              </value>
            </param>
            <param index="9">
              <value>
                <![CDATA[56]]>
              </value>
            </param>
          </params>
          <reporter-output>
          </reporter-output>
        </test-method> <!-- verifyTaxRate -->
        <test-method status="PASS" signature="verifyTaxRate(java.lang.String, java.lang.String, java.lang.String, java.lang.String, java.lang.String, java.lang.String, java.lang.String, java.lang.String, java.lang.String, java.lang.String)[pri:0, instance:AppTest@7f560810]" name="verifyTaxRate" duration-ms="596" started-at="2019-09-06T23:02:59Z" data-provider="Taxrate" finished-at="2019-09-06T23:02:59Z">
          <params>
            <param index="0">
              <value>
                <![CDATA[TN]]>
              </value>
            </param>
            <param index="1">
              <value>
                <![CDATA[37023]]>
              </value>
            </param>
            <param index="2">
              <value>
                <![CDATA[STEWART COUNTY]]>
              </value>
            </param>
            <param index="3">
              <value>
                <![CDATA[0.07]]>
              </value>
            </param>
            <param index="4">
              <value>
                <![CDATA[0.0925]]>
              </value>
            </param>
            <param index="5">
              <value>
                <![CDATA[0.0225]]>
              </value>
            </param>
            <param index="6">
              <value>
                <![CDATA[0]]>
              </value>
            </param>
            <param index="7">
              <value>
                <![CDATA[0]]>
              </value>
            </param>
            <param index="8">
              <value>
                <![CDATA[1]]>
              </value>
            </param>
            <param index="9">
              <value>
                <![CDATA[56]]>
              </value>
            </param>
          </params>
          <reporter-output>
          </reporter-output>
        </test-method> <!-- verifyTaxRate -->
        <test-method status="PASS" signature="verifyTaxRate(java.lang.String, java.lang.String, java.lang.String, java.lang.String, java.lang.String, java.lang.String, java.lang.String, java.lang.String, java.lang.String, java.lang.String)[pri:0, instance:AppTest@7f560810]" name="verifyTaxRate" duration-ms="614" started-at="2019-09-06T23:02:59Z" data-provider="Taxrate" finished-at="2019-09-06T23:03:00Z">
          <params>
            <param index="0">
              <value>
                <![CDATA[TN]]>
              </value>
            </param>
            <param index="1">
              <value>
                <![CDATA[37024]]>
              </value>
            </param>
            <param index="2">
              <value>
                <![CDATA[NASHVILLE]]>
              </value>
            </param>
            <param index="3">
              <value>
                <![CDATA[0.07]]>
              </value>
            </param>
            <param index="4">
              <value>
                <![CDATA[0.0925]]>
              </value>
            </param>
            <param index="5">
              <value>
                <![CDATA[0.0225]]>
              </value>
            </param>
            <param index="6">
              <value>
                <![CDATA[0]]>
              </value>
            </param>
            <param index="7">
              <value>
                <![CDATA[0]]>
              </value>
            </param>
            <param index="8">
              <value>
                <![CDATA[1]]>
              </value>
            </param>
            <param index="9">
              <value>
                <![CDATA[56]]>
              </value>
            </param>
          </params>
          <reporter-output>
          </reporter-output>
        </test-method> <!-- verifyTaxRate -->
        <test-method status="PASS" signature="verifyTaxRate(java.lang.String, java.lang.String, java.lang.String, java.lang.String, java.lang.String, java.lang.String, java.lang.String, java.lang.String, java.lang.String, java.lang.String)[pri:0, instance:AppTest@7f560810]" name="verifyTaxRate" duration-ms="637" started-at="2019-09-06T23:03:00Z" data-provider="Taxrate" finished-at="2019-09-06T23:03:00Z">
          <params>
            <param index="0">
              <value>
                <![CDATA[TN]]>
              </value>
            </param>
            <param index="1">
              <value>
                <![CDATA[37025]]>
              </value>
            </param>
            <param index="2">
              <value>
                <![CDATA[HICKMAN COUNTY]]>
              </value>
            </param>
            <param index="3">
              <value>
                <![CDATA[0.07]]>
              </value>
            </param>
            <param index="4">
              <value>
                <![CDATA[0.0975]]>
              </value>
            </param>
            <param index="5">
              <value>
                <![CDATA[0.0275]]>
              </value>
            </param>
            <param index="6">
              <value>
                <![CDATA[0]]>
              </value>
            </param>
            <param index="7">
              <value>
                <![CDATA[0]]>
              </value>
            </param>
            <param index="8">
              <value>
                <![CDATA[1]]>
              </value>
            </param>
            <param index="9">
              <value>
                <![CDATA[56]]>
              </value>
            </param>
          </params>
          <reporter-output>
          </reporter-output>
        </test-method> <!-- verifyTaxRate -->
        <test-method status="PASS" signature="verifyTaxRate(java.lang.String, java.lang.String, java.lang.String, java.lang.String, java.lang.String, java.lang.String, java.lang.String, java.lang.String, java.lang.String, java.lang.String)[pri:0, instance:AppTest@7f560810]" name="verifyTaxRate" duration-ms="610" started-at="2019-09-06T23:03:00Z" data-provider="Taxrate" finished-at="2019-09-06T23:03:01Z">
          <params>
            <param index="0">
              <value>
                <![CDATA[VA]]>
              </value>
            </param>
            <param index="1">
              <value>
                <![CDATA[20101]]>
              </value>
            </param>
            <param index="2">
              <value>
                <![CDATA[LOUDOUN COUNTY]]>
              </value>
            </param>
            <param index="3">
              <value>
                <![CDATA[0.043]]>
              </value>
            </param>
            <param index="4">
              <value>
                <![CDATA[0.06]]>
              </value>
            </param>
            <param index="5">
              <value>
                <![CDATA[0.01]]>
              </value>
            </param>
            <param index="6">
              <value>
                <![CDATA[0]]>
              </value>
            </param>
            <param index="7">
              <value>
                <![CDATA[0.007]]>
              </value>
            </param>
            <param index="8">
              <value>
                <![CDATA[1]]>
              </value>
            </param>
            <param index="9">
              <value>
                <![CDATA[61]]>
              </value>
            </param>
          </params>
          <reporter-output>
          </reporter-output>
        </test-method> <!-- verifyTaxRate -->
        <test-method status="PASS" signature="verifyTaxRate(java.lang.String, java.lang.String, java.lang.String, java.lang.String, java.lang.String, java.lang.String, java.lang.String, java.lang.String, java.lang.String, java.lang.String)[pri:0, instance:AppTest@7f560810]" name="verifyTaxRate" duration-ms="571" started-at="2019-09-06T23:03:01Z" data-provider="Taxrate" finished-at="2019-09-06T23:03:02Z">
          <params>
            <param index="0">
              <value>
                <![CDATA[VA]]>
              </value>
            </param>
            <param index="1">
              <value>
                <![CDATA[20102]]>
              </value>
            </param>
            <param index="2">
              <value>
                <![CDATA[LOUDOUN COUNTY]]>
              </value>
            </param>
            <param index="3">
              <value>
                <![CDATA[0.043]]>
              </value>
            </param>
            <param index="4">
              <value>
                <![CDATA[0.06]]>
              </value>
            </param>
            <param index="5">
              <value>
                <![CDATA[0.01]]>
              </value>
            </param>
            <param index="6">
              <value>
                <![CDATA[0]]>
              </value>
            </param>
            <param index="7">
              <value>
                <![CDATA[0.007]]>
              </value>
            </param>
            <param index="8">
              <value>
                <![CDATA[1]]>
              </value>
            </param>
            <param index="9">
              <value>
                <![CDATA[61]]>
              </value>
            </param>
          </params>
          <reporter-output>
          </reporter-output>
        </test-method> <!-- verifyTaxRate -->
        <test-method status="PASS" signature="verifyTaxRate(java.lang.String, java.lang.String, java.lang.String, java.lang.String, java.lang.String, java.lang.String, java.lang.String, java.lang.String, java.lang.String, java.lang.String)[pri:0, instance:AppTest@7f560810]" name="verifyTaxRate" duration-ms="592" started-at="2019-09-06T23:03:02Z" data-provider="Taxrate" finished-at="2019-09-06T23:03:02Z">
          <params>
            <param index="0">
              <value>
                <![CDATA[VA]]>
              </value>
            </param>
            <param index="1">
              <value>
                <![CDATA[20103]]>
              </value>
            </param>
            <param index="2">
              <value>
                <![CDATA[LOUDOUN COUNTY]]>
              </value>
            </param>
            <param index="3">
              <value>
                <![CDATA[0.043]]>
              </value>
            </param>
            <param index="4">
              <value>
                <![CDATA[0.06]]>
              </value>
            </param>
            <param index="5">
              <value>
                <![CDATA[0.01]]>
              </value>
            </param>
            <param index="6">
              <value>
                <![CDATA[0]]>
              </value>
            </param>
            <param index="7">
              <value>
                <![CDATA[0.007]]>
              </value>
            </param>
            <param index="8">
              <value>
                <![CDATA[1]]>
              </value>
            </param>
            <param index="9">
              <value>
                <![CDATA[61]]>
              </value>
            </param>
          </params>
          <reporter-output>
          </reporter-output>
        </test-method> <!-- verifyTaxRate -->
        <test-method status="PASS" signature="verifyTaxRate(java.lang.String, java.lang.String, java.lang.String, java.lang.String, java.lang.String, java.lang.String, java.lang.String, java.lang.String, java.lang.String, java.lang.String)[pri:0, instance:AppTest@7f560810]" name="verifyTaxRate" duration-ms="579" started-at="2019-09-06T23:03:02Z" data-provider="Taxrate" finished-at="2019-09-06T23:03:03Z">
          <params>
            <param index="0">
              <value>
                <![CDATA[VA]]>
              </value>
            </param>
            <param index="1">
              <value>
                <![CDATA[20104]]>
              </value>
            </param>
            <param index="2">
              <value>
                <![CDATA[LOUDOUN COUNTY]]>
              </value>
            </param>
            <param index="3">
              <value>
                <![CDATA[0.043]]>
              </value>
            </param>
            <param index="4">
              <value>
                <![CDATA[0.06]]>
              </value>
            </param>
            <param index="5">
              <value>
                <![CDATA[0.01]]>
              </value>
            </param>
            <param index="6">
              <value>
                <![CDATA[0]]>
              </value>
            </param>
            <param index="7">
              <value>
                <![CDATA[0.007]]>
              </value>
            </param>
            <param index="8">
              <value>
                <![CDATA[1]]>
              </value>
            </param>
            <param index="9">
              <value>
                <![CDATA[61]]>
              </value>
            </param>
          </params>
          <reporter-output>
          </reporter-output>
        </test-method> <!-- verifyTaxRate -->
        <test-method status="PASS" signature="verifyTaxRate(java.lang.String, java.lang.String, java.lang.String, java.lang.String, java.lang.String, java.lang.String, java.lang.String, java.lang.String, java.lang.String, java.lang.String)[pri:0, instance:AppTest@7f560810]" name="verifyTaxRate" duration-ms="605" started-at="2019-09-06T23:03:03Z" data-provider="Taxrate" finished-at="2019-09-06T23:03:03Z">
          <params>
            <param index="0">
              <value>
                <![CDATA[VA]]>
              </value>
            </param>
            <param index="1">
              <value>
                <![CDATA[20105]]>
              </value>
            </param>
            <param index="2">
              <value>
                <![CDATA[LOUDOUN COUNTY]]>
              </value>
            </param>
            <param index="3">
              <value>
                <![CDATA[0.043]]>
              </value>
            </param>
            <param index="4">
              <value>
                <![CDATA[0.06]]>
              </value>
            </param>
            <param index="5">
              <value>
                <![CDATA[0.01]]>
              </value>
            </param>
            <param index="6">
              <value>
                <![CDATA[0]]>
              </value>
            </param>
            <param index="7">
              <value>
                <![CDATA[0.007]]>
              </value>
            </param>
            <param index="8">
              <value>
                <![CDATA[2]]>
              </value>
            </param>
            <param index="9">
              <value>
                <![CDATA[61]]>
              </value>
            </param>
          </params>
          <reporter-output>
          </reporter-output>
        </test-method> <!-- verifyTaxRate -->
        <test-method status="PASS" signature="verifyTaxRate(java.lang.String, java.lang.String, java.lang.String, java.lang.String, java.lang.String, java.lang.String, java.lang.String, java.lang.String, java.lang.String, java.lang.String)[pri:0, instance:AppTest@7f560810]" name="verifyTaxRate" duration-ms="611" started-at="2019-09-06T23:03:03Z" data-provider="Taxrate" finished-at="2019-09-06T23:03:04Z">
          <params>
            <param index="0">
              <value>
                <![CDATA[VA]]>
              </value>
            </param>
            <param index="1">
              <value>
                <![CDATA[20106]]>
              </value>
            </param>
            <param index="2">
              <value>
                <![CDATA[CULPEPER COUNTY]]>
              </value>
            </param>
            <param index="3">
              <value>
                <![CDATA[0.043]]>
              </value>
            </param>
            <param index="4">
              <value>
                <![CDATA[0.053]]>
              </value>
            </param>
            <param index="5">
              <value>
                <![CDATA[0.01]]>
              </value>
            </param>
            <param index="6">
              <value>
                <![CDATA[0]]>
              </value>
            </param>
            <param index="7">
              <value>
                <![CDATA[0]]>
              </value>
            </param>
            <param index="8">
              <value>
                <![CDATA[2]]>
              </value>
            </param>
            <param index="9">
              <value>
                <![CDATA[61]]>
              </value>
            </param>
          </params>
          <reporter-output>
          </reporter-output>
        </test-method> <!-- verifyTaxRate -->
        <test-method status="PASS" signature="verifyTaxRate(java.lang.String, java.lang.String, java.lang.String, java.lang.String, java.lang.String, java.lang.String, java.lang.String, java.lang.String, java.lang.String, java.lang.String)[pri:0, instance:AppTest@7f560810]" name="verifyTaxRate" duration-ms="630" started-at="2019-09-06T23:03:04Z" data-provider="Taxrate" finished-at="2019-09-06T23:03:05Z">
          <params>
            <param index="0">
              <value>
                <![CDATA[VA]]>
              </value>
            </param>
            <param index="1">
              <value>
                <![CDATA[20108]]>
              </value>
            </param>
            <param index="2">
              <value>
                <![CDATA[MANASSAS CITY]]>
              </value>
            </param>
            <param index="3">
              <value>
                <![CDATA[0.043]]>
              </value>
            </param>
            <param index="4">
              <value>
                <![CDATA[0.06]]>
              </value>
            </param>
            <param index="5">
              <value>
                <![CDATA[0]]>
              </value>
            </param>
            <param index="6">
              <value>
                <![CDATA[0.01]]>
              </value>
            </param>
            <param index="7">
              <value>
                <![CDATA[0.007]]>
              </value>
            </param>
            <param index="8">
              <value>
                <![CDATA[1]]>
              </value>
            </param>
            <param index="9">
              <value>
                <![CDATA[61]]>
              </value>
            </param>
          </params>
          <reporter-output>
          </reporter-output>
        </test-method> <!-- verifyTaxRate -->
        <test-method status="PASS" signature="verifyTaxRate(java.lang.String, java.lang.String, java.lang.String, java.lang.String, java.lang.String, java.lang.String, java.lang.String, java.lang.String, java.lang.String, java.lang.String)[pri:0, instance:AppTest@7f560810]" name="verifyTaxRate" duration-ms="596" started-at="2019-09-06T23:03:05Z" data-provider="Taxrate" finished-at="2019-09-06T23:03:05Z">
          <params>
            <param index="0">
              <value>
                <![CDATA[VA]]>
              </value>
            </param>
            <param index="1">
              <value>
                <![CDATA[20109]]>
              </value>
            </param>
            <param index="2">
              <value>
                <![CDATA[PRINCE WILLIAM COUNTY]]>
              </value>
            </param>
            <param index="3">
              <value>
                <![CDATA[0.043]]>
              </value>
            </param>
            <param index="4">
              <value>
                <![CDATA[0.06]]>
              </value>
            </param>
            <param index="5">
              <value>
                <![CDATA[0.01]]>
              </value>
            </param>
            <param index="6">
              <value>
                <![CDATA[0]]>
              </value>
            </param>
            <param index="7">
              <value>
                <![CDATA[0.007]]>
              </value>
            </param>
            <param index="8">
              <value>
                <![CDATA[2]]>
              </value>
            </param>
            <param index="9">
              <value>
                <![CDATA[61]]>
              </value>
            </param>
          </params>
          <reporter-output>
          </reporter-output>
        </test-method> <!-- verifyTaxRate -->
        <test-method status="PASS" signature="verifyTaxRate(java.lang.String, java.lang.String, java.lang.String, java.lang.String, java.lang.String, java.lang.String, java.lang.String, java.lang.String, java.lang.String, java.lang.String)[pri:0, instance:AppTest@7f560810]" name="verifyTaxRate" duration-ms="606" started-at="2019-09-06T23:03:05Z" data-provider="Taxrate" finished-at="2019-09-06T23:03:06Z">
          <params>
            <param index="0">
              <value>
                <![CDATA[VA]]>
              </value>
            </param>
            <param index="1">
              <value>
                <![CDATA[20110]]>
              </value>
            </param>
            <param index="2">
              <value>
                <![CDATA[MANASSAS CITY]]>
              </value>
            </param>
            <param index="3">
              <value>
                <![CDATA[0.043]]>
              </value>
            </param>
            <param index="4">
              <value>
                <![CDATA[0.06]]>
              </value>
            </param>
            <param index="5">
              <value>
                <![CDATA[0]]>
              </value>
            </param>
            <param index="6">
              <value>
                <![CDATA[0.01]]>
              </value>
            </param>
            <param index="7">
              <value>
                <![CDATA[0.007]]>
              </value>
            </param>
            <param index="8">
              <value>
                <![CDATA[1]]>
              </value>
            </param>
            <param index="9">
              <value>
                <![CDATA[61]]>
              </value>
            </param>
          </params>
          <reporter-output>
          </reporter-output>
        </test-method> <!-- verifyTaxRate -->
      </class> <!-- AppTest -->
    </test> <!-- AppTest -->
  </suite> <!-- TestSuite -->
</testng-results>
